<?xml version="1.0" encoding="UTF-8"?>
<!-- Generated by org.testng.reporters.JUnitReportReporter -->
<testsuite hostname="BLLCLAPUS1698" failures="0" tests="2" name="TestNgAnnotation" time="0.008" errors="0" timestamp="2022-02-16T12:04:28 PST" skipped="0">
  <testcase classname="TestNgAnnotation" name="testCase1" time="0.004"/>
  <system-out/>
  <testcase classname="TestNgAnnotation" name="testCase2" time="0.004"/>
  <system-out/>
</testsuite> <!-- TestNgAnnotation -->
