<?xml version="1.0" encoding="UTF-8"?>
<!-- Generated by org.testng.reporters.JUnitReportReporter -->
<testsuite hostname="BLLCLAPUS1698" failures="0" tests="3" name="AllTests" time="0.026" errors="0" timestamp="2022-02-18T13:11:26 PST" skipped="0">
  <testcase classname="AllTests" name="printAdd" time="0.013"/>
  <system-out/>
  <testcase classname="AllTests" name="subAdd" time="0.007"/>
  <system-out/>
  <testcase classname="AllTests" name="testAdd" time="0.006"/>
  <system-out/>
</testsuite> <!-- AllTests -->
