<?xml version="1.0" encoding="UTF-8"?>
<!-- Generated by org.testng.reporters.JUnitReportReporter -->
<testsuite hostname="BLLCLAPUS1698" failures="0" tests="2" name="EmpDetailsTest" time="0.007" errors="0" timestamp="2022-02-16T12:04:28 PST" skipped="0">
  <testcase classname="EmpDetailsTest" name="testCalculateAppriasal" time="0.004"/>
  <system-out/>
  <testcase classname="EmpDetailsTest" name="testCalculateYearlySalary" time="0.003"/>
  <system-out/>
</testsuite> <!-- EmpDetailsTest -->
