<?xml version="1.0" encoding="UTF-8"?>
<!-- Generated by org.testng.reporters.JUnitReportReporter -->
<testsuite hostname="BLLCLAPUS1698" failures="0" tests="1" name="MyNewTest" time="0.004" errors="0" timestamp="2022-02-16T09:54:33 PST" skipped="0">
  <testcase classname="MyNewTest" name="f" time="0.004"/>
  <system-out/>
</testsuite> <!-- MyNewTest -->
